Determining if the pthread_create exist failed with the following output:
Change Dir: /home/robosub/MSURoboSub/ros/build/CMakeFiles/CMakeTmp

Run Build Command:/usr/bin/make "cmTryCompileExec966216568/fast"
/usr/bin/make -f CMakeFiles/cmTryCompileExec966216568.dir/build.make CMakeFiles/cmTryCompileExec966216568.dir/build
make[1]: Entering directory `/home/robosub/MSURoboSub/ros/build/CMakeFiles/CMakeTmp'
/usr/bin/cmake -E cmake_progress_report /home/robosub/MSURoboSub/ros/build/CMakeFiles/CMakeTmp/CMakeFiles 1
Building C object CMakeFiles/cmTryCompileExec966216568.dir/CheckSymbolExists.c.o
/usr/bin/cc    -o CMakeFiles/cmTryCompileExec966216568.dir/CheckSymbolExists.c.o   -c /home/robosub/MSURoboSub/ros/build/CMakeFiles/CMakeTmp/CheckSymbolExists.c
Linking C executable cmTryCompileExec966216568
/usr/bin/cmake -E cmake_link_script CMakeFiles/cmTryCompileExec966216568.dir/link.txt --verbose=1
/usr/bin/cc       CMakeFiles/cmTryCompileExec966216568.dir/CheckSymbolExists.c.o  -o cmTryCompileExec966216568 -rdynamic 
CMakeFiles/cmTryCompileExec966216568.dir/CheckSymbolExists.c.o: In function `main':
CheckSymbolExists.c:(.text+0x16): undefined reference to `pthread_create'
collect2: error: ld returned 1 exit status
make[1]: Leaving directory `/home/robosub/MSURoboSub/ros/build/CMakeFiles/CMakeTmp'
make[1]: *** [cmTryCompileExec966216568] Error 1
make: *** [cmTryCompileExec966216568/fast] Error 2

File /home/robosub/MSURoboSub/ros/build/CMakeFiles/CMakeTmp/CheckSymbolExists.c:
/* */
#include <pthread.h>

int main(int argc, char** argv)
{
  (void)argv;
#ifndef pthread_create
  return ((int*)(&pthread_create))[argc];
#else
  (void)argc;
  return 0;
#endif
}

Determining if the function pthread_create exists in the pthreads failed with the following output:
Change Dir: /home/robosub/MSURoboSub/ros/build/CMakeFiles/CMakeTmp

Run Build Command:/usr/bin/make "cmTryCompileExec2298748213/fast"
/usr/bin/make -f CMakeFiles/cmTryCompileExec2298748213.dir/build.make CMakeFiles/cmTryCompileExec2298748213.dir/build
make[1]: Entering directory `/home/robosub/MSURoboSub/ros/build/CMakeFiles/CMakeTmp'
/usr/bin/cmake -E cmake_progress_report /home/robosub/MSURoboSub/ros/build/CMakeFiles/CMakeTmp/CMakeFiles 1
Building C object CMakeFiles/cmTryCompileExec2298748213.dir/CheckFunctionExists.c.o
/usr/bin/cc   -DCHECK_FUNCTION_EXISTS=pthread_create   -o CMakeFiles/cmTryCompileExec2298748213.dir/CheckFunctionExists.c.o   -c /usr/share/cmake-2.8/Modules/CheckFunctionExists.c
Linking C executable cmTryCompileExec2298748213
/usr/bin/cmake -E cmake_link_script CMakeFiles/cmTryCompileExec2298748213.dir/link.txt --verbose=1
/usr/bin/cc   -DCHECK_FUNCTION_EXISTS=pthread_create    CMakeFiles/cmTryCompileExec2298748213.dir/CheckFunctionExists.c.o  -o cmTryCompileExec2298748213 -rdynamic -lpthreads 
/usr/bin/ld: cannot find -lpthreads
make[1]: Leaving directory `/home/robosub/MSURoboSub/ros/build/CMakeFiles/CMakeTmp'
collect2: error: ld returned 1 exit status
make[1]: *** [cmTryCompileExec2298748213] Error 1
make: *** [cmTryCompileExec2298748213/fast] Error 2


